2018-05-13 18:48:57,159 INFO o.a.j.u.JMeterUtils: Setting Locale to en_EN
2018-05-13 18:48:57,199 INFO o.a.j.JMeter: Loading user properties from: user.properties
2018-05-13 18:48:57,214 INFO o.a.j.JMeter: Loading system properties from: system.properties
2018-05-13 18:48:57,226 INFO o.a.j.JMeter: Copyright (c) 1998-2018 The Apache Software Foundation
2018-05-13 18:48:57,227 INFO o.a.j.JMeter: Version 4.0 r1823414
2018-05-13 18:48:57,227 INFO o.a.j.JMeter: java.version=1.8.0_161
2018-05-13 18:48:57,227 INFO o.a.j.JMeter: java.vm.name=Java HotSpot(TM) 64-Bit Server VM
2018-05-13 18:48:57,228 INFO o.a.j.JMeter: os.name=Windows 10
2018-05-13 18:48:57,228 INFO o.a.j.JMeter: os.arch=amd64
2018-05-13 18:48:57,228 INFO o.a.j.JMeter: os.version=10.0
2018-05-13 18:48:57,228 INFO o.a.j.JMeter: file.encoding=Cp1256
2018-05-13 18:48:57,229 INFO o.a.j.JMeter: Max memory     =1073741824
2018-05-13 18:48:57,229 INFO o.a.j.JMeter: Available Processors =4
2018-05-13 18:48:57,236 INFO o.a.j.JMeter: Default Locale=English (EN)
2018-05-13 18:48:57,237 INFO o.a.j.JMeter: JMeter  Locale=English (EN)
2018-05-13 18:48:57,237 INFO o.a.j.JMeter: JMeterHome=C:\Users\kmohamed\Desktop\apache-jmeter-4.0\apache-jmeter-4.0
2018-05-13 18:48:57,237 INFO o.a.j.JMeter: user.dir  =C:\Users\kmohamed\Desktop\apache-jmeter-4.0\apache-jmeter-4.0\bin
2018-05-13 18:48:57,238 INFO o.a.j.JMeter: PWD       =C:\Users\kmohamed\Desktop\apache-jmeter-4.0\apache-jmeter-4.0\bin
2018-05-13 18:48:57,241 INFO o.a.j.JMeter: IP: 172.25.60.81 Name: egy-kmohamed-NB2 FullName: egy-kmohamed-NB2.STA.com
2018-05-13 18:48:57,818 INFO o.a.j.g.a.LookAndFeelCommand: Installing Darcula LAF
2018-05-13 18:48:57,844 INFO o.a.j.g.a.LookAndFeelCommand: Using look and feel: com.bulenkov.darcula.DarculaLaf [Darcula]
2018-05-13 18:48:57,845 INFO o.a.j.JMeter: Setting LAF to: com.bulenkov.darcula.DarculaLaf
2018-05-13 18:48:57,948 INFO o.a.j.JMeter: Loaded icon properties from org/apache/jmeter/images/icon.properties
2018-05-13 18:49:00,371 INFO o.a.j.e.u.CompoundVariable: Note: Function class names must contain the string: '.functions.'
2018-05-13 18:49:00,371 INFO o.a.j.e.u.CompoundVariable: Note: Function class names must not contain the string: '.gui.'
2018-05-13 18:49:06,687 WARN o.a.j.g.ObjectTableModel: Header count=13 but classes count=11
2018-05-13 18:49:06,687 WARN o.a.j.g.ObjectTableModel: Header count=13 but writeFunctor count=11
2018-05-13 18:49:07,874 INFO o.a.j.p.h.s.HTTPSamplerBase: Parser for text/html is org.apache.jmeter.protocol.http.parser.LagartoBasedHtmlParser
2018-05-13 18:49:07,874 INFO o.a.j.p.h.s.HTTPSamplerBase: Parser for application/xhtml+xml is org.apache.jmeter.protocol.http.parser.LagartoBasedHtmlParser
2018-05-13 18:49:07,874 INFO o.a.j.p.h.s.HTTPSamplerBase: Parser for application/xml is org.apache.jmeter.protocol.http.parser.LagartoBasedHtmlParser
2018-05-13 18:49:07,875 INFO o.a.j.p.h.s.HTTPSamplerBase: Parser for text/xml is org.apache.jmeter.protocol.http.parser.LagartoBasedHtmlParser
2018-05-13 18:49:07,875 INFO o.a.j.p.h.s.HTTPSamplerBase: Parser for text/vnd.wap.wml is org.apache.jmeter.protocol.http.parser.RegexpHTMLParser
2018-05-13 18:49:07,877 INFO o.a.j.p.h.s.HTTPSamplerBase: Parser for text/css is org.apache.jmeter.protocol.http.parser.CssParser
2018-05-13 18:49:12,680 INFO o.a.j.e.KeyToolUtils: keytool found at 'keytool'
2018-05-13 18:49:12,681 INFO o.a.j.p.h.p.ProxyControl: HTTP(S) Test Script Recorder SSL Proxy will use keys that support embedded 3rd party resources in file C:\Users\kmohamed\Desktop\apache-jmeter-4.0\apache-jmeter-4.0\bin\proxyserver.jks
2018-05-13 18:49:13,136 INFO o.a.j.s.FileServer: Default base='C:\Users\kmohamed\Desktop\apache-jmeter-4.0\apache-jmeter-4.0\bin'
2018-05-13 18:49:16,042 INFO o.a.j.s.SampleResult: Note: Sample TimeStamps are START times
2018-05-13 18:49:16,043 INFO o.a.j.s.SampleResult: sampleresult.default.encoding is set to ISO-8859-1
2018-05-13 18:49:16,043 INFO o.a.j.s.SampleResult: sampleresult.useNanoTime=true
2018-05-13 18:49:16,043 INFO o.a.j.s.SampleResult: sampleresult.nanoThreadSleep=5000
2018-05-13 18:49:16,224 INFO o.j.r.PluginManager: Plugins Status: [jpgc-graphs-basic=2.0, jpgc-graphs-additional=2.0, jpgc-autostop=0.1, jpgc-sense=3.4, jpgc-cmd=2.1, jpgc-graphs-composite=2.0, jpgc-csl=0.1, jpgc-functions=2.1, jpgc-casutg=2.5, jpgc-dbmon=0.1, jpgc-graphs-dist=2.0, jpgc-dummy=0.2, jpgc-filterresults=2.1, jpgc-ffw=2.0, jpgc-ggl=2.0, jpgc-httpraw=0.1, jpgc-sts=2.3, jpgc-fifo=0.2, jpgc-jmxmon=0.2, jpgc-graphs-vs=2.0, jpgc-lockfile=0.1, jpgc-mergeresults=2.1, jpgc-pde=0.1, jpgc-prmctl=0.4, jpgc-perfmon=2.1, jpgc-plugins-manager=0.20, bzm-random-csv=0.6, jpgc-webdriver=2.3, jpgc-synthesis=2.1, jpgc-tst=2.4, jpgc-udp=0.3, jpgc-csvars=0.1, jpgc-xml=0.1, jmeter-core=4.0, jmeter-ftp=4.0, jmeter-http=4.0, jmeter-jdbc=4.0, jmeter-jms=4.0, jmeter-junit=4.0, jmeter-java=4.0, jmeter-ldap=4.0, jmeter-mail=4.0, jmeter-mongodb=4.0, jmeter-native=4.0, jmeter-tcp=4.0, jmeter-components=4.0, jpgc-standard=2.0]
2018-05-13 18:50:03,372 INFO o.a.j.g.a.Load: Loading file: D:\1.Work\1. AAM\3.Performance\AAMperformanceJmeter\AAMLive.jmx
2018-05-13 18:50:03,373 INFO o.a.j.s.FileServer: Set new base='D:\1.Work\1. AAM\3.Performance\AAMperformanceJmeter'
2018-05-13 18:50:03,634 INFO o.a.j.s.SaveService: Testplan (JMX) version: 2.2. Testlog (JTL) version: 2.2
2018-05-13 18:50:03,654 INFO o.a.j.s.SaveService: Using SaveService properties file encoding UTF-8
2018-05-13 18:50:03,656 INFO o.a.j.s.SaveService: Using SaveService properties version 4.0
2018-05-13 18:50:03,661 INFO o.a.j.s.SaveService: Loading file: D:\1.Work\1. AAM\3.Performance\AAMperformanceJmeter\AAMLive.jmx
2018-05-13 18:50:04,004 INFO o.a.j.p.h.c.CacheManager: Will only cache the following methods: [GET]
2018-05-13 18:50:04,005 INFO o.a.j.p.h.c.CookieManager: Settings: Delete null: true Check: true Allow variable: true Save: false Prefix: COOKIE_
2018-05-13 18:50:04,978 INFO o.a.j.s.FileServer: Set new base='D:\1.Work\1. AAM\3.Performance\AAMperformanceJmeter'
